Build started 9/29/2010 11:41:22 AM.
     1>Project "D:\user documents\SCHOOL STUFF\HW\cs411\proj1\proj1\proj1.vcxproj" on node 2 (build target(s)).
     1>InitializeBuildStatus:
         Creating "Debug\proj1.unsuccessfulbuild" because "AlwaysCreate" was specified.
       ClCompile:
         C:\Program Files (x86)\Microsoft Visual Studio 10.0\VC\bin\CL.exe /c /ZI /nologo /W3 /WX- /Od /Oy- /D WIN32 /D _DEBUG /D _CONSOLE /D _UNICODE /D UNICODE /Gm /EHsc /RTC1 /MDd /GS /fp:precise /Zc:wchar_t /Zc:forScope /Fo"Debug\\" /Fd"Debug\vc100.pdb" /Gd /TP /analyze- /errorReport:prompt proj1.cpp puzzle.cpp
         proj1.cpp
     1>d:\user documents\school stuff\hw\cs411\proj1\proj1\proj1.cpp(111): warning C4018: '<' : signed/unsigned mismatch
     1>d:\user documents\school stuff\hw\cs411\proj1\proj1\proj1.cpp(160): warning C4018: '<' : signed/unsigned mismatch
         Generating Code...
         Compiling...
         puzzle.cpp
     1>d:\user documents\school stuff\hw\cs411\proj1\proj1\puzzle.cpp(440): warning C4018: '<' : signed/unsigned mismatch
     1>d:\user documents\school stuff\hw\cs411\proj1\proj1\puzzle.cpp(518): warning C4018: '<' : signed/unsigned mismatch
     1>d:\user documents\school stuff\hw\cs411\proj1\proj1\puzzle.cpp(548): warning C4018: '<' : signed/unsigned mismatch
         Generating Code...
       ManifestResourceCompile:
         All outputs are up-to-date.
       Link:
         C:\Program Files (x86)\Microsoft Visual Studio 10.0\VC\bin\link.exe /ERRORREPORT:PROMPT /OUT:"D:\user documents\SCHOOL STUFF\HW\cs411\proj1\Debug\proj1.exe" /INCREMENTAL /NOLOGO kernel32.lib user32.lib gdi32.lib winspool.lib comdlg32.lib advapi32.lib shell32.lib ole32.lib oleaut32.lib uuid.lib odbc32.lib odbccp32.lib /MANIFEST /ManifestFile:"Debug\proj1.exe.intermediate.manifest" /MANIFESTUAC:"level='asInvoker' uiAccess='false'" /DEBUG /PDB:"D:\user documents\SCHOOL STUFF\HW\cs411\proj1\Debug\proj1.pdb" /SUBSYSTEM:CONSOLE /TLBID:1 /DYNAMICBASE /NXCOMPAT /IMPLIB:"D:\user documents\SCHOOL STUFF\HW\cs411\proj1\Debug\proj1.lib" /MACHINE:X86 Debug\proj1.exe.embed.manifest.res
         Debug\proj1.obj
         Debug\puzzle.obj
         Debug\stdafx.obj
     1>proj1.obj : error LNK2001: unresolved external symbol "public: int __thiscall puzzle::memory_used(void)" (?memory_used@puzzle@@QAEHXZ)
     1>D:\user documents\SCHOOL STUFF\HW\cs411\proj1\Debug\proj1.exe : fatal error LNK1120: 1 unresolved externals
     1>Done Building Project "D:\user documents\SCHOOL STUFF\HW\cs411\proj1\proj1\proj1.vcxproj" (build target(s)) -- FAILED.

Build FAILED.

Time Elapsed 00:00:04.84
